<?xml version="1.0" encoding="UTF-8"?>
<!-- Generated by org.testng.reporters.JUnitReportReporter -->
<testsuite skipped="0" hostname="LAPTOP-4TDS8PTD" name="com.Scritps.PMTScripts" tests="1" failures="0" timestamp="04 jul 2017 22:48:09 GMT" time="0.020" errors="0">
  <testcase name="testGoogleSearch" time="0.020" classname="com.Scritps.PMTScripts"/>
</testsuite> <!-- com.Scritps.PMTScripts -->
