<?xml version="1.0" encoding="UTF-8"?>
<!-- Generated by org.testng.reporters.JUnitReportReporter -->
<testsuite skipped="0" hostname="Ariel_Desktop" name="com.Scritps.PMTScripts" tests="1" failures="0" timestamp="8 Dec 2016 05:23:54 GMT" time="0.004" errors="0">
  <testcase name="testGoogleSearch" time="0.004" classname="com.Scritps.PMTScripts"/>
</testsuite> <!-- com.Scritps.PMTScripts -->
